<?xml version="1.0" encoding="UTF-8"?>
<!-- Generated by org.testng.reporters.JUnitXMLReporter -->
<testsuite ignored="0" hostname="DESKTOP-LRO9C4E" failures="0" tests="4" name="Default test" time="8.515" errors="0" timestamp="2024-10-11T16:00:07 IST">
  <testcase classname="com.amazon.tests.HomePageTest" name="listAllDropdownOptions" time="0.912"/>
  <testcase classname="com.amazon.tests.HomePageTest" name="selectAmazonFreshMeat" time="0.204"/>
  <testcase classname="com.amazon.tests.HomePageTest" name="selectByIndex" time="0.201"/>
  <testcase classname="com.amazon.tests.HomePageTest" name="selectByVisibleText" time="0.18"/>
</testsuite> <!-- Default test -->
