<?xml version="1.0" encoding="UTF-8"?>
<!-- Generated by org.testng.reporters.JUnitXMLReporter -->
<testsuite ignored="2" hostname="DESKTOP-LRO9C4E" failures="0" tests="2" name="AmazonDropdownTestCases" time="7.375" errors="0" timestamp="2024-10-11T15:45:26 IST">
  <testcase classname="com.amazon.tests.HomePageTest" name="selectAmazonFreshMeat" time="0.446"/>
  <testcase classname="com.amazon.tests.HomePageTest" name="selectByVisibleText" time="0.199"/>
  <testcase classname="com.amazon.tests.HomePageTest" name="listAllDropdownOptions" time="0.0">
    <ignored/>
  </testcase> <!-- listAllDropdownOptions -->
  <testcase classname="com.amazon.tests.HomePageTest" name="selectByIndex" time="0.0">
    <ignored/>
  </testcase> <!-- selectByIndex -->
</testsuite> <!-- AmazonDropdownTestCases -->
