<?xml version="1.0" encoding="UTF-8"?>
<testng-results ignored="0" total="4" passed="4" failed="0" skipped="0">
  <reporter-output>
  </reporter-output>
  <suite started-at="2024-10-11T15:59:58 IST" name="Default suite" finished-at="2024-10-11T16:00:07 IST" duration-ms="8515">
    <groups>
    </groups>
    <test started-at="2024-10-11T15:59:58 IST" name="Default test" finished-at="2024-10-11T16:00:07 IST" duration-ms="8515">
      <class name="com.amazon.tests.HomePageTest">
        <test-method is-config="true" signature="setUp()[pri:0, instance:com.amazon.tests.HomePageTest@5b247367]" started-at="2024-10-11T15:59:58 IST" name="setUp" finished-at="2024-10-11T16:00:05 IST" duration-ms="6409" status="PASS">
          <reporter-output>
          </reporter-output>
        </test-method> <!-- setUp -->
        <test-method signature="listAllDropdownOptions()[pri:1, instance:com.amazon.tests.HomePageTest@5b247367]" started-at="2024-10-11T16:00:05 IST" name="listAllDropdownOptions" finished-at="2024-10-11T16:00:06 IST" duration-ms="912" status="PASS">
          <reporter-output>
          </reporter-output>
        </test-method> <!-- listAllDropdownOptions -->
        <test-method signature="selectAmazonFreshMeat()[pri:2, instance:com.amazon.tests.HomePageTest@5b247367]" started-at="2024-10-11T16:00:06 IST" name="selectAmazonFreshMeat" finished-at="2024-10-11T16:00:06 IST" duration-ms="204" status="PASS">
          <reporter-output>
          </reporter-output>
        </test-method> <!-- selectAmazonFreshMeat -->
        <test-method signature="selectByIndex()[pri:3, instance:com.amazon.tests.HomePageTest@5b247367]" started-at="2024-10-11T16:00:06 IST" name="selectByIndex" finished-at="2024-10-11T16:00:06 IST" duration-ms="201" status="PASS">
          <reporter-output>
          </reporter-output>
        </test-method> <!-- selectByIndex -->
        <test-method signature="selectByVisibleText()[pri:4, instance:com.amazon.tests.HomePageTest@5b247367]" started-at="2024-10-11T16:00:06 IST" name="selectByVisibleText" finished-at="2024-10-11T16:00:06 IST" duration-ms="180" status="PASS">
          <reporter-output>
          </reporter-output>
        </test-method> <!-- selectByVisibleText -->
        <test-method is-config="true" signature="tearDown()[pri:0, instance:com.amazon.tests.HomePageTest@5b247367]" started-at="2024-10-11T16:00:06 IST" name="tearDown" finished-at="2024-10-11T16:00:07 IST" duration-ms="549" status="PASS">
          <reporter-output>
          </reporter-output>
        </test-method> <!-- tearDown -->
      </class> <!-- com.amazon.tests.HomePageTest -->
    </test> <!-- Default test -->
  </suite> <!-- Default suite -->
</testng-results>
